<?xml version="1.0" encoding="UTF-8"?>
<!-- Generated by org.testng.reporters.JUnitReportReporter -->
<testsuite skipped="0" hostname="IN-6620GC2" name="rest.basic.testing.ResponseValidation" tests="1" failures="0" timestamp="02 Dec 2017 14:11:47 GMT" time="2.316" errors="0">
  <testcase name="verifyResponse" time="2.316" classname="rest.basic.testing.ResponseValidation"/>
</testsuite> <!-- rest.basic.testing.ResponseValidation -->
