<?xml version="1.0" encoding="UTF-8"?>
<!-- Generated by org.testng.reporters.JUnitReportReporter -->
<testsuite skipped="0" hostname="IN-6620GC2" name="rest.basic.testing.ValidateResponse" tests="1" failures="0" timestamp="02 Dec 2017 05:48:59 GMT" time="2.553" errors="0">
  <testcase name="verifyResponse" time="2.553" classname="rest.basic.testing.ValidateResponse"/>
</testsuite> <!-- rest.basic.testing.ValidateResponse -->
