<?xml version="1.0" encoding="UTF-8"?>
<!-- Generated by org.testng.reporters.JUnitReportReporter -->
<testsuite skipped="0" hostname="IN-6620GC2" name="rest.jiraAPI.testing.CreateBug" tests="1" failures="0" timestamp="03 Dec 2017 05:59:06 GMT" time="1.837" errors="0">
  <testcase name="verifyResponse" time="1.837" classname="rest.jiraAPI.testing.CreateBug"/>
</testsuite> <!-- rest.jiraAPI.testing.CreateBug -->
