<?xml version="1.0" encoding="UTF-8"?>
<!-- Generated by org.testng.reporters.JUnitReportReporter -->
<testsuite skipped="0" hostname="IN-6620GC2" name="rest.jiraAPI.testing.UpdateComment" tests="1" failures="0" timestamp="03 Dec 2017 06:15:14 GMT" time="1.813" errors="0">
  <testcase name="verifyResponse" time="1.813" classname="rest.jiraAPI.testing.UpdateComment"/>
</testsuite> <!-- rest.jiraAPI.testing.UpdateComment -->
