<?xml version="1.0" encoding="UTF-8"?>
<!-- Generated by org.testng.reporters.JUnitReportReporter -->
<testsuite skipped="0" hostname="IN-6620GC2" name="rest.basic.testing.PostRequest" tests="1" failures="0" timestamp="02 Dec 2017 07:43:27 GMT" time="1.779" errors="0">
  <testcase name="verifyResponse" time="1.779" classname="rest.basic.testing.PostRequest"/>
</testsuite> <!-- rest.basic.testing.PostRequest -->
