<?xml version="1.0" encoding="UTF-8"?>
<!-- Generated by org.testng.reporters.JUnitReportReporter -->
<testsuite skipped="0" hostname="IN-6620GC2" name="rest.twitterAPi.testing.GetTwittes" tests="1" failures="0" timestamp="04 Dec 2017 15:26:23 GMT" time="2.000" errors="0">
  <testcase name="getFirstThreeTwitts" time="2.000" classname="rest.twitterAPi.testing.GetTwittes"/>
</testsuite> <!-- rest.twitterAPi.testing.GetTwittes -->
