<?xml version="1.0" encoding="UTF-8"?>
<!-- Generated by org.testng.reporters.JUnitReportReporter -->
<testsuite skipped="0" hostname="IN-6620GC2" name="rest.basic.testing.ParsingJson" tests="1" failures="0" timestamp="02 Dec 2017 17:33:54 GMT" time="2.423" errors="0">
  <testcase name="verifyResponse" time="2.423" classname="rest.basic.testing.ParsingJson"/>
</testsuite> <!-- rest.basic.testing.ParsingJson -->
